<?xml version="1.0" encoding="UTF-8"?>
<!-- Generated by org.testng.reporters.JUnitReportReporter -->
<testsuite name="com.sampleproject.pages.FacebookloginTest" tests="1" time="16.477" ignored="0" failures="0" timestamp="26 Mar 2020 12:35:01 GMT" skipped="0" hostname="IN-5CG7252763" errors="0">
  <testcase name="f" time="16.477" classname="com.sampleproject.pages.FacebookloginTest"/>
</testsuite> <!-- com.sampleproject.pages.FacebookloginTest -->
